\BOOKMARK [0][-]{chapter.1}{\376\377\000I\000n\000t\000r\000o\000d\000u\000c\000t\000i\000o\000n}{}% 1
\BOOKMARK [1][-]{section.1.1}{\376\377\000S\000i\000m\000p\000l\000e\000\040\000D\000o\000c\000u\000m\000e\000n\000t}{chapter.1}% 2
\BOOKMARK [1][-]{section.1.2}{\376\377\000I\000m\000p\000o\000r\000t\000a\000n\000c\000e\000\040\000o\000f\000\040\000L\000a\000T\000e\000X}{chapter.1}% 3
\BOOKMARK [0][-]{chapter.2}{\376\377\000A\000b\000s\000t\000r\000a\000c\000t\000/\000S\000u\000m\000m\000a\000r\000y}{}% 4
\BOOKMARK [1][-]{section.2.1}{\376\377\000S\000a\000m\000p\000l\000e\000\040\000A\000b\000s\000t\000r\000a\000c\000t}{chapter.2}% 5
\BOOKMARK [0][-]{chapter.3}{\376\377\000T\000i\000t\000l\000e\000\040\000a\000n\000d\000\040\000C\000e\000r\000t\000i\000f\000i\000c\000a\000t\000e\000\040\000P\000a\000g\000e\000s}{}% 6
\BOOKMARK [1][-]{section.3.1}{\376\377\000T\000i\000t\000l\000e\000\040\000P\000a\000g\000e}{chapter.3}% 7
\BOOKMARK [1][-]{section.3.2}{\376\377\000C\000e\000r\000t\000i\000f\000i\000c\000a\000t\000e\000\040\000P\000a\000g\000e}{chapter.3}% 8
\BOOKMARK [0][-]{chapter.4}{\376\377\000T\000a\000b\000l\000e\000s}{}% 9
\BOOKMARK [1][-]{section.4.1}{\376\377\000S\000t\000u\000d\000e\000n\000t\000\040\000M\000a\000r\000k\000s\000\040\000T\000a\000b\000l\000e}{chapter.4}% 10
\BOOKMARK [0][-]{chapter.5}{\376\377\000G\000r\000a\000p\000h\000i\000c\000s}{}% 11
\BOOKMARK [1][-]{section.5.1}{\376\377\000S\000i\000d\000e\000-\000b\000y\000-\000S\000i\000d\000e\000\040\000I\000m\000a\000g\000e\000s}{chapter.5}% 12
\BOOKMARK [0][-]{chapter.6}{\376\377\000M\000a\000t\000h\000e\000m\000a\000t\000i\000c\000a\000l\000\040\000E\000q\000u\000a\000t\000i\000o\000n\000s}{}% 13
\BOOKMARK [1][-]{section.6.1}{\376\377\000E\000i\000n\000s\000t\000e\000i\000n\000'\000s\000\040\000M\000a\000s\000s\000-\000E\000n\000e\000r\000g\000y\000\040\000E\000q\000u\000i\000v\000a\000l\000e\000n\000c\000e}{chapter.6}% 14
\BOOKMARK [1][-]{section.6.2}{\376\377\000Q\000u\000a\000d\000r\000a\000t\000i\000c\000\040\000F\000o\000r\000m\000u\000l\000a}{chapter.6}% 15
\BOOKMARK [0][-]{chapter.7}{\376\377\000T\000h\000e\000o\000r\000e\000m\000s\000\040\000a\000n\000d\000\040\000D\000e\000f\000i\000n\000i\000t\000i\000o\000n\000s}{}% 16
\BOOKMARK [1][-]{section.7.1}{\376\377\000S\000a\000m\000p\000l\000e\000\040\000T\000h\000e\000o\000r\000e\000m}{chapter.7}% 17
\BOOKMARK [1][-]{section.7.2}{\376\377\000S\000a\000m\000p\000l\000e\000\040\000C\000o\000r\000o\000l\000l\000a\000r\000y}{chapter.7}% 18
\BOOKMARK [1][-]{section.7.3}{\376\377\000S\000a\000m\000p\000l\000e\000\040\000L\000e\000m\000m\000a}{chapter.7}% 19
\BOOKMARK [1][-]{section.7.4}{\376\377\000S\000a\000m\000p\000l\000e\000\040\000D\000e\000f\000i\000n\000i\000t\000i\000o\000n}{chapter.7}% 20
\BOOKMARK [0][-]{chapter.8}{\376\377\000C\000i\000t\000a\000t\000i\000o\000n\000s\000\040\000a\000n\000d\000\040\000B\000i\000b\000l\000i\000o\000g\000r\000a\000p\000h\000y}{}% 21
\BOOKMARK [1][-]{section.8.1}{\376\377\000S\000a\000m\000p\000l\000e\000\040\000C\000i\000t\000a\000t\000i\000o\000n\000s}{chapter.8}% 22
\BOOKMARK [1][-]{section.8.2}{\376\377\000B\000i\000b\000l\000i\000o\000g\000r\000a\000p\000h\000y}{chapter.8}% 23
\BOOKMARK [0][-]{chapter.9}{\376\377\000A\000l\000g\000o\000r\000i\000t\000h\000m\000s}{}% 24
\BOOKMARK [1][-]{section.9.1}{\376\377\000S\000a\000m\000p\000l\000e\000\040\000A\000l\000g\000o\000r\000i\000t\000h\000m}{chapter.9}% 25
\BOOKMARK [0][-]{chapter.10}{\376\377\000T\000i\000k\000Z\000\040\000D\000i\000a\000g\000r\000a\000m\000s}{}% 26
\BOOKMARK [1][-]{section.10.1}{\376\377\000S\000a\000m\000p\000l\000e\000\040\000T\000r\000e\000e\000\040\000D\000i\000a\000g\000r\000a\000m}{chapter.10}% 27
\BOOKMARK [0][-]{chapter.11}{\376\377\000C\000o\000n\000c\000l\000u\000s\000i\000o\000n}{}% 28
